<?xml version="1.0" encoding="UTF-8"?>
<!-- Generated by org.testng.reporters.JUnitReportReporter -->
<testsuite hostname="EC2AMAZ-S11DBRH" failures="0" tests="2" name="com.deepskilling.selenium.FirstPractise" time="19.932" errors="0" timestamp="2023-08-22T05:05:34 GMT" skipped="0">
  <testcase classname="com.deepskilling.selenium.FirstPractise" name="createAccount" time="9.371"/>
  <system-out/>
  <testcase classname="com.deepskilling.selenium.FirstPractise" name="createAccount" time="10.561"/>
  <system-out/>
</testsuite> <!-- com.deepskilling.selenium.FirstPractise -->
