<?xml version="1.0" encoding="UTF-8"?>
<!-- Generated by org.testng.reporters.JUnitReportReporter -->
<testsuite hostname="EC2AMAZ-S11DBRH" failures="0" tests="1" name="com.deepskilling.grid.TestHTMLUnitDriver" time="3.898" errors="0" timestamp="2023-08-23T06:23:11 GMT" skipped="0">
  <testcase classname="com.deepskilling.grid.TestHTMLUnitDriver" name="testHTMLUnitDriver" time="3.898"/>
  <system-out/>
</testsuite> <!-- com.deepskilling.grid.TestHTMLUnitDriver -->
