<?xml version="1.0" encoding="UTF-8"?>
<!-- Generated by org.testng.reporters.JUnitReportReporter -->
<testsuite hostname="EC2AMAZ-S11DBRH" failures="0" tests="2" name="com.deepskilling.selenium.FirstPractise" time="20.223" errors="0" timestamp="2023-08-21T08:01:41 GMT" skipped="0">
  <testcase classname="com.deepskilling.selenium.FirstPractise" name="createAccount" time="9.222"/>
  <system-out/>
  <testcase classname="com.deepskilling.selenium.FirstPractise" name="createAccount" time="11.001"/>
  <system-out/>
</testsuite> <!-- com.deepskilling.selenium.FirstPractise -->
