<?xml version="1.0" encoding="UTF-8"?>
<!-- Generated by org.testng.reporters.JUnitReportReporter -->
<testsuite hostname="EC2AMAZ-S11DBRH" failures="0" tests="1" name="com.deepskilling.selenium.FirstSelenium" time="21.468" errors="0" timestamp="2023-08-21T04:08:04 GMT" skipped="0">
  <testcase classname="com.deepskilling.selenium.FirstSelenium" name="firstTC" time="21.468"/>
  <system-out/>
</testsuite> <!-- com.deepskilling.selenium.FirstSelenium -->
