<?xml version="1.0" encoding="UTF-8"?>
<!-- Generated by org.testng.reporters.JUnitReportReporter -->
<testsuite hostname="EC2AMAZ-S11DBRH" failures="0" tests="1" name="com.deepskilling.grid.TestGrid" time="7.269" errors="0" timestamp="2023-08-23T07:10:47 GMT" skipped="0">
  <testcase classname="com.deepskilling.grid.TestGrid" name="remoteTest" time="7.269"/>
  <system-out/>
</testsuite> <!-- com.deepskilling.grid.TestGrid -->
